<?xml version="1.0" encoding="UTF-8"?>
<!-- Generated by org.testng.reporters.JUnitReportReporter -->
<testsuite hostname="DESKTOP-D9L1E3E" failures="0" tests="4" name="facebookTestPackage.LogInTest" time="7.312" errors="0" timestamp="2022-01-27T23:27:05 EST" skipped="0">
  <testcase classname="facebookTestPackage.LogInTest" name="logInTest" time="2.165"/>
  <system-out/>
  <testcase classname="facebookTestPackage.LogInTest" name="logInTest" time="1.665"/>
  <system-out/>
  <testcase classname="facebookTestPackage.LogInTest" name="logInTest2" time="1.800"/>
  <system-out/>
  <testcase classname="facebookTestPackage.LogInTest" name="logInTest" time="1.682"/>
  <system-out/>
</testsuite> <!-- facebookTestPackage.LogInTest -->
